<?xml version="1.0" encoding="UTF-8"?>
<!-- Generated by org.testng.reporters.JUnitReportReporter -->
<testsuite skipped="0" hostname="USER-PC" name="POM.POMTestCase" tests="2" failures="0" timestamp="2020-07-29T22:43:23 IST" time="16.165" errors="0">
  <testcase name="setup" time="11.693" classname="POM.POMTestCase"/>
  <system-out/>
  <testcase name="test_Home_Page_Appear_Correct" time="4.472" classname="POM.POMTestCase"/>
  <system-out/>
</testsuite> <!-- POM.POMTestCase -->
