<?xml version="1.0" encoding="UTF-8"?>
<!-- Generated by org.testng.reporters.JUnitReportReporter -->
<testsuite skipped="0" hostname="USER-PC" name="Parameter.ParameterwithDataProvider" tests="3" failures="0" timestamp="2020-07-30T16:43:28 IST" time="10.064" errors="0">
  <testcase name="testMethod" time="3.270" classname="Parameter.ParameterwithDataProvider"/>
  <system-out/>
  <testcase name="testMethod" time="3.420" classname="Parameter.ParameterwithDataProvider"/>
  <system-out/>
  <testcase name="testMethod" time="3.374" classname="Parameter.ParameterwithDataProvider"/>
  <system-out/>
</testsuite> <!-- Parameter.ParameterwithDataProvider -->
