<?xml version="1.0" encoding="UTF-8"?>
<!-- Generated by org.testng.reporters.JUnitReportReporter -->
<testsuite skipped="0" hostname="USER-PC" name="Parameter.ParameterWithTestNgXML" tests="1" failures="0" timestamp="2020-07-30T16:21:40 IST" time="78.699" errors="0">
  <testcase name="ParameterWithTestNGXML" time="78.699" classname="Parameter.ParameterWithTestNgXML"/>
  <system-out/>
</testsuite> <!-- Parameter.ParameterWithTestNgXML -->
