<?xml version="1.0" encoding="UTF-8"?>
<!-- Generated by org.testng.reporters.JUnitReportReporter -->
<testsuite skipped="0" hostname="USER-PC" name="RecordingBrowser.RecordTestcaseinbrowserKatlon" tests="1" failures="0" timestamp="2020-09-07T19:48:31 IST" time="8.521" errors="0">
  <testcase name="testUntitledTestCase" time="8.521" classname="RecordingBrowser.RecordTestcaseinbrowserKatlon"/>
  <system-out/>
</testsuite> <!-- RecordingBrowser.RecordTestcaseinbrowserKatlon -->
