<?xml version="1.0" encoding="UTF-8"?>
<!-- Generated by org.testng.reporters.JUnitReportReporter -->
<testsuite skipped="0" hostname="USER-PC" name="PageFactory.guru99testcasewithpagefactory" tests="1" failures="0" timestamp="2020-07-29T22:40:20 IST" time="3.709" errors="0">
  <testcase name="test_Home_Page_Appear_Correct" time="3.709" classname="PageFactory.guru99testcasewithpagefactory"/>
  <system-out/>
</testsuite> <!-- PageFactory.guru99testcasewithpagefactory -->
