<?xml version="1.0" encoding="UTF-8"?>
<!-- Generated by org.testng.reporters.JUnitReportReporter -->
<testsuite skipped="0" hostname="USER-PC" name="RecordingBrowser.RecordTestcaseinbrowserKatlon" tests="1" failures="0" timestamp="2020-08-19T14:38:09 IST" time="4.842" errors="0">
  <testcase name="testUntitledTestCase" time="4.842" classname="RecordingBrowser.RecordTestcaseinbrowserKatlon"/>
  <system-out/>
</testsuite> <!-- RecordingBrowser.RecordTestcaseinbrowserKatlon -->
