<?xml version="1.0" encoding="UTF-8"?>
<!-- Generated by org.testng.reporters.JUnitReportReporter -->
<testsuite skipped="0" hostname="USER-PC" name="Parameter.NoParameterWithTestNgXml" tests="1" failures="0" timestamp="2020-07-30T13:49:52 IST" time="27.328" errors="0">
  <testcase name="testNoParameter" time="27.328" classname="Parameter.NoParameterWithTestNgXml"/>
  <system-out/>
</testsuite> <!-- Parameter.NoParameterWithTestNgXml -->
