<?xml version="1.0" encoding="UTF-8"?>
<!-- Generated by org.testng.reporters.JUnitReportReporter -->
<testsuite skipped="1" hostname="USER-PC" name="FileHandling.DataDrivenFunction" tests="1" failures="0" timestamp="2020-08-18T22:03:58 IST" time="0.000" errors="0">
  <testcase name="test1" time="0.000" classname="FileHandling.DataDrivenFunction">
    <skipped/>
  </testcase> <!-- test1 -->
  <system-out/>
</testsuite> <!-- FileHandling.DataDrivenFunction -->
