<?xml version="1.0" encoding="UTF-8"?>
<!-- Generated by org.testng.reporters.JUnitReportReporter -->
<testsuite skipped="0" hostname="USER-PC" name="Parameter.ParameterDataProviderwithDifferntClass" tests="3" failures="0" timestamp="2020-07-30T16:48:51 IST" time="9.711" errors="0">
  <testcase name="testMethod" time="3.194" classname="Parameter.ParameterDataProviderwithDifferntClass"/>
  <system-out/>
  <testcase name="testMethod" time="3.309" classname="Parameter.ParameterDataProviderwithDifferntClass"/>
  <system-out/>
  <testcase name="testMethod" time="3.208" classname="Parameter.ParameterDataProviderwithDifferntClass"/>
  <system-out/>
</testsuite> <!-- Parameter.ParameterDataProviderwithDifferntClass -->
