<?xml version="1.0" encoding="UTF-8"?>
<!-- Generated by org.testng.reporters.JUnitReportReporter -->
<testsuite skipped="0" hostname="USER-PC" name="TestngDependancy.TestngDependancyDemo" tests="3" failures="0" timestamp="2020-08-19T13:12:08 IST" time="0.030" errors="0">
  <testcase name="Test1" time="0.000" classname="TestngDependancy.TestngDependancyDemo"/>
  <system-out/>
  <testcase name="Test3" time="0.010" classname="TestngDependancy.TestngDependancyDemo"/>
  <system-out/>
  <testcase name="Test2" time="0.020" classname="TestngDependancy.TestngDependancyDemo"/>
  <system-out/>
</testsuite> <!-- TestngDependancy.TestngDependancyDemo -->
