<?xml version="1.0" encoding="UTF-8"?>
<!-- Generated by org.testng.reporters.JUnitReportReporter -->
<testsuite skipped="1" hostname="USER-PC" name="FileHandling.ExcelDataProvider" tests="1" failures="0" timestamp="2020-08-14T16:20:03 IST" time="0.000" errors="0">
  <testcase name="test1" time="0.000" classname="FileHandling.ExcelDataProvider">
    <skipped/>
  </testcase> <!-- test1 -->
  <system-out/>
</testsuite> <!-- FileHandling.ExcelDataProvider -->
