<?xml version="1.0" encoding="UTF-8"?>
<!-- Generated by org.testng.reporters.JUnitReportReporter -->
<testsuite skipped="0" hostname="USER-PC" name="Parameter.ParameterwithSameDataProvider1" tests="6" failures="0" timestamp="2020-07-30T17:36:59 IST" time="19.491" errors="0">
  <testcase name="testMethodB" time="3.198" classname="Parameter.ParameterwithSameDataProvider1"/>
  <system-out/>
  <testcase name="testMethodA" time="3.206" classname="Parameter.ParameterwithSameDataProvider1"/>
  <system-out/>
  <testcase name="testMethodB" time="3.203" classname="Parameter.ParameterwithSameDataProvider1"/>
  <system-out/>
  <testcase name="testMethodA" time="3.354" classname="Parameter.ParameterwithSameDataProvider1"/>
  <system-out/>
  <testcase name="testMethodA" time="3.313" classname="Parameter.ParameterwithSameDataProvider1"/>
  <system-out/>
  <testcase name="testMethodB" time="3.217" classname="Parameter.ParameterwithSameDataProvider1"/>
  <system-out/>
</testsuite> <!-- Parameter.ParameterwithSameDataProvider1 -->
